[debug] [2021-06-06T05:21:47.808Z] ----------------------------------------------------------------------
[debug] [2021-06-06T05:21:47.810Z] Command:       /usr/local/bin/node /usr/local/bin/firebase init
[debug] [2021-06-06T05:21:47.810Z] CLI Version:   9.12.1
[debug] [2021-06-06T05:21:47.810Z] Platform:      darwin
[debug] [2021-06-06T05:21:47.810Z] Node Version:  v14.15.4
[debug] [2021-06-06T05:21:47.812Z] Time:          Sun Jun 06 2021 12:21:47 GMT+0700 (Western Indonesia Time)
[debug] [2021-06-06T05:21:47.812Z] ----------------------------------------------------------------------
[debug] 
[debug] [2021-06-06T05:21:47.815Z] >>> [apiv2][query] GET https://firebase-public.firebaseio.com/cli.json [none]
[debug] [2021-06-06T05:21:47.843Z] > command requires scopes: ["email","openid","https://www.googleapis.com/auth/cloudplatformprojects.readonly","https://www.googleapis.com/auth/firebase","https://www.googleapis.com/auth/cloud-platform"]
[debug] [2021-06-06T05:21:47.844Z] > authorizing via signed-in user (wahyudinlsm98@gmail.com)
[info] 
     ######## #### ########  ######## ########     ###     ######  ########
     ##        ##  ##     ## ##       ##     ##  ##   ##  ##       ##
     ######    ##  ########  ######   ########  #########  ######  ######
     ##        ##  ##    ##  ##       ##     ## ##     ##       ## ##
     ##       #### ##     ## ######## ########  ##     ##  ######  ########

You're about to initialize a Firebase project in this directory:

  /Users/sogata/Documents/WebProject/steemsg

[debug] [2021-06-06T05:21:50.115Z] <<< [apiv2][status] GET https://firebase-public.firebaseio.com/cli.json 200
[debug] [2021-06-06T05:21:50.115Z] <<< [apiv2][body] GET https://firebase-public.firebaseio.com/cli.json {"cloudBuildErrorAfter":1594252800000,"cloudBuildWarnAfter":1590019200000,"defaultNode10After":1594252800000,"minVersion":"3.0.5","node8DeploysDisabledAfter":1613390400000,"node8RuntimeDisabledAfter":1615809600000,"node8WarnAfter":1600128000000}
